warning: unused import: `std::collections::VecDeque`
 --> src/entry/mod.rs:2:5
  |
2 | use std::collections::VecDeque;
  |     ^^^^^^^^^^^^^^^^^^^^^^^^^^
  |
  = note: `#[warn(unused_imports)]` on by default

warning: unused variable: `commit_time_upper_bound`
   --> src/metadata_store/mod.rs:809:9
    |
809 |         commit_time_upper_bound: u64,
    |         ^^^^^^^^^^^^^^^^^^^^^^^ help: if this is intentional, prefix it with an underscore: `_commit_time_upper_bound`
    |
    = note: `#[warn(unused_variables)]` on by default

warning: function `range_scan_columns_entries` is never used
   --> src/ops_handler.rs:454:4
    |
454 | fn range_scan_columns_entries() {
    |    ^^^^^^^^^^^^^^^^^^^^^^^^^^
    |
    = note: `#[warn(dead_code)]` on by default

warning: function `open_direct_reader` is never used
   --> src/page_handler/page_io.rs:301:4
    |
301 | fn open_direct_reader(path: &str) -> io::Result<File> {
    |    ^^^^^^^^^^^^^^^^^^

warning: `idk_uwu_ig` (lib) generated 4 warnings (run `cargo fix --lib -p idk_uwu_ig` to apply 1 suggestion)
warning: unused imports: `ColumnSpec`, `FilterExpr`, and `TableAccess`
 --> src/sql/mod.rs:6:18
  |
6 | pub use models::{ColumnSpec, CreateTablePlan, FilterExpr, PlannerError, QueryPlan, TableAccess};
  |                  ^^^^^^^^^^                   ^^^^^^^^^^                           ^^^^^^^^^^^

warning: unused imports: `ColumnUpdate`, `UpdateJob`, and `UpdateOp`
 --> src/writer/mod.rs:7:22
  |
7 | pub use update_job::{ColumnUpdate, UpdateJob, UpdateOp};
  |                      ^^^^^^^^^^^^  ^^^^^^^^^  ^^^^^^^^

warning: associated items `with_lifecycle`, `has`, and `get` are never used
   --> src/cache/page_cache.rs:78:12
    |
69  | impl<T> PageCache<T> {
    | -------------------- associated items in this implementation
...
78  |     pub fn with_lifecycle(lifecycle: Option<Arc<dyn CacheLifecycle<T>>>) -> Self {
    |            ^^^^^^^^^^^^^^
...
113 |     pub fn has(&self, id: &str) -> bool {
    |            ^^^
...
117 |     pub fn get(&self, id: &str) -> Option<Arc<T>> {
    |            ^^^
    |
    = note: `#[warn(dead_code)]` on by default

warning: method `get_data` is never used
  --> src/entry/mod.rs:28:12
   |
19 | impl Entry {
   | ---------- method in this implementation
...
28 |     pub fn get_data(&self) -> &str {
   |            ^^^^^^^^

warning: function `split_table_column` is never used
 --> src/metadata_store/mod.rs:6:4
  |
6 | fn split_table_column(identifier: &str) -> (&str, &str) {
  |    ^^^^^^^^^^^^^^^^^^

warning: fields `data_type` and `ordinal` are never read
  --> src/metadata_store/mod.rs:77:9
   |
75 | pub struct ColumnCatalog {
   |            ------------- fields in this struct
76 |     pub name: String,
77 |     pub data_type: String,
   |         ^^^^^^^^^
78 |     pub ordinal: usize,
   |         ^^^^^^^
   |
   = note: `ColumnCatalog` has derived impls for the traits `Debug` and `Clone`, but these are intentionally ignored during dead code analysis

warning: fields `name` and `sort_key_ordinals` are never read
  --> src/metadata_store/mod.rs:84:9
   |
83 | pub struct TableCatalog {
   |            ------------ fields in this struct
84 |     pub name: String,
   |         ^^^^
...
87 |     sort_key_ordinals: Vec<usize>,
   |     ^^^^^^^^^^^^^^^^^
   |
   = note: `TableCatalog` has derived impls for the traits `Debug` and `Clone`, but these are intentionally ignored during dead code analysis

warning: methods `columns` and `sort_key` are never used
   --> src/metadata_store/mod.rs:105:12
    |
90  | impl TableCatalog {
    | ----------------- methods in this implementation
...
105 |     pub fn columns(&self) -> &[ColumnCatalog] {
    |            ^^^^^^^
...
115 |     pub fn sort_key(&self) -> Vec<&ColumnCatalog> {
    |            ^^^^^^^^

warning: methods `total_entries`, `find_page_index`, `all_pages`, `locate_row`, `update_last_entry_count`, and `locate_range` are never used
   --> src/metadata_store/mod.rs:252:8
    |
207 | impl ColumnChain {
    | ---------------- methods in this implementation
...
252 |     fn total_entries(&self) -> u64 {
    |        ^^^^^^^^^^^^^
...
256 |     fn find_page_index(&self, row: u64) -> Option<usize> {
    |        ^^^^^^^^^^^^^^^
...
278 |     fn all_pages(&self) -> Vec<PageDescriptor> {
    |        ^^^^^^^^^
...
282 |     fn locate_row(&self, row: u64) -> Option<RowLocation> {
    |        ^^^^^^^^^^
...
297 |     fn update_last_entry_count(&mut self, entry_count: u64) -> Option<PageDescriptor> {
    |        ^^^^^^^^^^^^^^^^^^^^^^^
...
314 |     fn locate_range(&self, start_row: u64, end_row: u64) -> Vec<PageSlice> {
    |        ^^^^^^^^^^^^

warning: struct `RowLocation` is never constructed
   --> src/metadata_store/mod.rs:364:12
    |
364 | pub struct RowLocation {
    |            ^^^^^^^^^^^

warning: struct `PageSlice` is never constructed
   --> src/metadata_store/mod.rs:371:12
    |
371 | pub struct PageSlice {
    |            ^^^^^^^^^

warning: multiple methods are never used
   --> src/metadata_store/mod.rs:533:12
    |
398 | impl TableMetaStore {
    | ------------------- methods in this implementation
...
533 |     pub fn table(&self, name: &str) -> Option<&TableCatalog> {
    |            ^^^^^
...
537 |     pub fn table_catalog(&self, name: &str) -> Option<TableCatalog> {
    |            ^^^^^^^^^^^^^
...
541 |     pub fn column_defined(&self, table: &str, column: &str) -> bool {
    |            ^^^^^^^^^^^^^^
...
564 |     pub fn pages_for_column(&self, table: &str, column: &str) -> Vec<PageDescriptor> {
    |            ^^^^^^^^^^^^^^^^
...
576 |     pub fn locate_row(&self, table: &str, column: &str, row: u64) -> Option<RowLocation> {
    |            ^^^^^^^^^^
...
583 |     pub fn locate_range(
    |            ^^^^^^^^^^^^
...
597 |     pub fn register_page(
    |            ^^^^^^^^^^^^^
...
678 |     pub fn update_latest_entry_count(
    |            ^^^^^^^^^^^^^^^^^^^^^^^^^

warning: multiple methods are never used
   --> src/metadata_store/mod.rs:741:12
    |
716 | impl PageDirectory {
    | ------------------ methods in this implementation
...
741 |     pub fn table_catalog(&self, name: &str) -> Option<TableCatalog> {
    |            ^^^^^^^^^^^^^
...
751 |     pub fn latest(&self, column: &str) -> Option<PageDescriptor> {
    |            ^^^^^^
...
756 |     pub fn pages_for_in_table(&self, table: &str, column: &str) -> Vec<PageDescriptor> {
    |            ^^^^^^^^^^^^^^^^^^
...
764 |     pub fn pages_for_column(&self, column: &str) -> Vec<PageDescriptor> {
    |            ^^^^^^^^^^^^^^^^
...
774 |     pub fn locate_row_in_table(&self, table: &str, column: &str, row: u64) -> Option<RowLocation> {
    |            ^^^^^^^^^^^^^^^^^^^
...
779 |     pub fn locate_row(&self, column: &str, row: u64) -> Option<RowLocation> {
    |            ^^^^^^^^^^
...
784 |     pub fn locate_range_in_table(
    |            ^^^^^^^^^^^^^^^^^^^^^
...
798 |     pub fn locate_range(&self, column: &str, start_row: u64, end_row: u64) -> Vec<PageSlice> {
    |            ^^^^^^^^^^^^
...
803 |     pub fn range_in_table(
    |            ^^^^^^^^^^^^^^
...
821 |     pub fn range(
    |            ^^^^^
...
832 |     pub fn register_page_in_table(
    |            ^^^^^^^^^^^^^^^^^^^^^^
...
842 |     pub fn register_page(
    |            ^^^^^^^^^^^^^
...
852 |     pub fn register_page_in_table_with_size(
    |            ^^^^^^^^^^^^^^^^^^^^^^^^^^^^^^^^
...
865 |     pub fn register_page_with_size(
    |            ^^^^^^^^^^^^^^^^^^^^^^^
...
876 |     pub fn register_page_in_table_with_sizes(
    |            ^^^^^^^^^^^^^^^^^^^^^^^^^^^^^^^^^
...
898 |     pub fn register_page_with_sizes(
    |            ^^^^^^^^^^^^^^^^^^^^^^^^
...
927 |     pub fn update_latest_entry_count(
    |            ^^^^^^^^^^^^^^^^^^^^^^^^^

warning: function `other_error` is never used
  --> src/ops_handler.rs:14:4
   |
14 | fn other_error(msg: impl Into<String>) -> Box<dyn std::error::Error> {
   |    ^^^^^^^^^^^

warning: function `create_table_from_plan` is never used
  --> src/ops_handler.rs:18:8
   |
18 | pub fn create_table_from_plan(
   |        ^^^^^^^^^^^^^^^^^^^^^^

warning: function `upsert_data_into_column` is never used
  --> src/ops_handler.rs:36:8
   |
36 | pub fn upsert_data_into_column(
   |        ^^^^^^^^^^^^^^^^^^^^^^^

warning: function `upsert_data_into_table_column` is never used
  --> src/ops_handler.rs:44:8
   |
44 | pub fn upsert_data_into_table_column(
   |        ^^^^^^^^^^^^^^^^^^^^^^^^^^^^^

warning: function `sorted_insert_single_column` is never used
  --> src/ops_handler.rs:73:4
   |
73 | fn sorted_insert_single_column(
   |    ^^^^^^^^^^^^^^^^^^^^^^^^^^^

warning: function `insert_sorted_row` is never used
  --> src/ops_handler.rs:99:8
   |
99 | pub fn insert_sorted_row(
   |        ^^^^^^^^^^^^^^^^^

warning: function `read_row` is never used
   --> src/ops_handler.rs:107:8
    |
107 | pub fn read_row(
    |        ^^^^^^^^

warning: function `overwrite_row` is never used
   --> src/ops_handler.rs:132:8
    |
132 | pub fn overwrite_row(
    |        ^^^^^^^^^^^^^

warning: function `delete_row` is never used
   --> src/ops_handler.rs:173:8
    |
173 | pub fn delete_row(
    |        ^^^^^^^^^^

warning: function `sorted_insert_row` is never used
   --> src/ops_handler.rs:209:4
    |
209 | fn sorted_insert_row(
    |    ^^^^^^^^^^^^^^^^^

warning: function `find_insert_position` is never used
   --> src/ops_handler.rs:302:4
    |
302 | fn find_insert_position(
    |    ^^^^^^^^^^^^^^^^^^^^

warning: function `compare_row_against_existing` is never used
   --> src/ops_handler.rs:326:4
    |
326 | fn compare_row_against_existing(
    |    ^^^^^^^^^^^^^^^^^^^^^^^^^^^^

warning: function `binary_search_insert_index` is never used
   --> src/ops_handler.rs:351:4
    |
351 | fn binary_search_insert_index(entries: &[Entry], value: &str) -> usize {
    |    ^^^^^^^^^^^^^^^^^^^^^^^^^^

warning: function `compare_entry_value` is never used
   --> src/ops_handler.rs:357:4
    |
357 | fn compare_entry_value(entry: &Entry, value: &str) -> Ordering {
    |    ^^^^^^^^^^^^^^^^^^^

warning: function `compare_strs` is never used
   --> src/ops_handler.rs:361:4
    |
361 | fn compare_strs(left: &str, right: &str) -> Ordering {
    |    ^^^^^^^^^^^^

warning: function `update_column_entry` is never used
   --> src/ops_handler.rs:368:8
    |
368 | pub fn update_column_entry(
    |        ^^^^^^^^^^^^^^^^^^^

warning: function `update_column_entry_in_table` is never used
   --> src/ops_handler.rs:377:8
    |
377 | pub fn update_column_entry_in_table(
    |        ^^^^^^^^^^^^^^^^^^^^^^^^^^^^

warning: function `range_scan_column_entry` is never used
   --> src/ops_handler.rs:403:8
    |
403 | pub fn range_scan_column_entry(
    |        ^^^^^^^^^^^^^^^^^^^^^^^

warning: function `range_scan_table_column_entry` is never used
   --> src/ops_handler.rs:420:8
    |
420 | pub fn range_scan_table_column_entry(
    |        ^^^^^^^^^^^^^^^^^^^^^^^^^^^^^

warning: function `range_scan_columns_entries` is never used
   --> src/ops_handler.rs:454:4
    |
454 | fn range_scan_columns_entries() {
    |    ^^^^^^^^^^^^^^^^^^^^^^^^^^

warning: method `add_entry` is never used
  --> src/page/mod.rs:18:12
   |
10 | impl Page {
   | --------- method in this implementation
...
18 |     pub fn add_entry(&mut self, entry: entry::Entry) {
   |            ^^^^^^^^^

warning: multiple methods are never used
  --> src/page_handler/mod.rs:27:12
   |
22 | impl PageLocator {
   | ---------------- methods in this implementation
...
27 |     pub fn latest_for_column(&self, column: &str) -> Option<PageDescriptor> {
   |            ^^^^^^^^^^^^^^^^^
...
31 |     pub fn latest(&self, table: &str, column: &str) -> Option<PageDescriptor> {
   |            ^^^^^^
...
35 |     pub fn pages_for_column(&self, column: &str) -> Vec<PageDescriptor> {
   |            ^^^^^^^^^^^^^^^^
...
39 |     pub fn pages_for(&self, table: &str, column: &str) -> Vec<PageDescriptor> {
   |            ^^^^^^^^^
...
43 |     pub fn range_for(
   |            ^^^^^^^^^
...
55 |     pub fn range_for_column(
   |            ^^^^^^^^^^^^^^^^
...
66 |     pub fn range_slices_for(
   |            ^^^^^^^^^^^^^^^^
...
77 |     pub fn range_slices_for_column(
   |            ^^^^^^^^^^^^^^^^^^^^^^^
...
90 |     pub fn table_catalog(&self, table: &str) -> Option<TableCatalog> {
   |            ^^^^^^^^^^^^^
...
94 |     pub fn locate_row_in_table(&self, table: &str, column: &str, row: u64) -> Option<RowLocation> {
   |            ^^^^^^^^^^^^^^^^^^^
...
98 |     pub fn update_latest_entry_count(
   |            ^^^^^^^^^^^^^^^^^^^^^^^^^

warning: method `collect_cached` is never used
   --> src/page_handler/mod.rs:130:12
    |
114 | impl PageFetcher {
    | ---------------- method in this implementation
...
130 |     pub fn collect_cached(&self, order: &[String]) -> Vec<(String, Arc<PageCacheEntryCompressed>)> {
    |            ^^^^^^^^^^^^^^

warning: method `collect_cached` is never used
   --> src/page_handler/mod.rs:230:12
    |
214 | impl PageMaterializer {
    | --------------------- method in this implementation
...
230 |     pub fn collect_cached(
    |            ^^^^^^^^^^^^^^

warning: fields `locator` and `prefetch_tx` are never read
   --> src/page_handler/mod.rs:294:5
    |
293 | pub struct PageHandler {
    |            ----------- fields in this struct
294 |     locator: Arc<PageLocator>,
    |     ^^^^^^^
...
297 |     prefetch_tx: Sender<Vec<String>>,
    |     ^^^^^^^^^^^

warning: multiple methods are never used
   --> src/page_handler/mod.rs:331:12
    |
301 | impl PageHandler {
    | ---------------- methods in this implementation
...
331 |     pub fn locate_latest(&self, column: &str) -> Option<PageDescriptor> {
    |            ^^^^^^^^^^^^^
...
335 |     pub fn locate_latest_in_table(&self, table: &str, column: &str) -> Option<PageDescriptor> {
    |            ^^^^^^^^^^^^^^^^^^^^^^
...
339 |     pub fn list_pages(&self, column: &str) -> Vec<PageDescriptor> {
    |            ^^^^^^^^^^
...
343 |     pub fn list_pages_in_table(&self, table: &str, column: &str) -> Vec<PageDescriptor> {
    |            ^^^^^^^^^^^^^^^^^^^
...
347 |     pub fn list_range(&self, column: &str, start_row: u64, end_row: u64) -> Vec<PageSlice> {
    |            ^^^^^^^^^^
...
352 |     pub fn list_range_in_table(
    |            ^^^^^^^^^^^^^^^^^^^
...
363 |     pub fn table_catalog(&self, table: &str) -> Option<TableCatalog> {
    |            ^^^^^^^^^^^^^
...
367 |     pub fn locate_row_in_table(&self, table: &str, column: &str, row: u64) -> Option<RowLocation> {
    |            ^^^^^^^^^^^^^^^^^^^
...
371 |     pub fn read_entry_at(&self, table: &str, column: &str, row: u64) -> Option<entry::Entry> {
    |            ^^^^^^^^^^^^^
...
380 |     pub fn update_entry_count_in_table(
    |            ^^^^^^^^^^^^^^^^^^^^^^^^^^^
...
405 |     pub fn get_pages(
    |            ^^^^^^^^^
...
459 |     pub fn flush_to_disk(&self, ids: &[String]) -> Result<(), std::io::Error> {
    |            ^^^^^^^^^^^^^
...
489 |     pub fn ensure_pages_cached(&self, ids: &[String]) {
    |            ^^^^^^^^^^^^^^^^^^^
...
515 |     pub fn get_pages_with_prefetch(
    |            ^^^^^^^^^^^^^^^^^^^^^^^

warning: struct `IOHandler` is never constructed
  --> src/page_handler/page_io.rs:20:12
   |
20 | pub struct IOHandler {}
   |            ^^^^^^^^^

warning: method `write_batch_to_path` is never used
   --> src/page_handler/page_io.rs:215:12
    |
32  | impl PageIO {
    | ----------- method in this implementation
...
215 |     pub fn write_batch_to_path(&self, path: &str, writes: &[(u64, Vec<u8>)]) -> io::Result<()> {
    |            ^^^^^^^^^^^^^^^^^^^

warning: struct `ThreadPool` is never constructed
  --> src/pool/scheduler.rs:33:12
   |
33 | pub struct ThreadPool {
   |            ^^^^^^^^^^

warning: type alias `Job` is never used
  --> src/pool/scheduler.rs:38:6
   |
38 | type Job = Box<dyn FnOnce() + Send + 'static>;
   |      ^^^

warning: struct `Worker` is never constructed
  --> src/pool/scheduler.rs:40:8
   |
40 | struct Worker {
   |        ^^^^^^

warning: associated items `new` and `execute` are never used
  --> src/pool/scheduler.rs:45:12
   |
44 | impl ThreadPool {
   | --------------- associated items in this implementation
45 |     pub fn new(size: usize) -> Self {
   |            ^^^
...
73 |     pub fn execute<F>(&self, f: F)
   |            ^^^^^^^

warning: enum `SqlPlannerError` is never used
  --> src/sql/mod.rs:14:10
   |
14 | pub enum SqlPlannerError {
   |          ^^^^^^^^^^^^^^^

warning: function `plan_sql` is never used
  --> src/sql/mod.rs:50:8
   |
50 | pub fn plan_sql(sql: &str) -> Result<QueryPlan, SqlPlannerError> {
   |        ^^^^^^^^

warning: function `plan_create_table_sql` is never used
  --> src/sql/mod.rs:66:8
   |
66 | pub fn plan_create_table_sql(sql: &str) -> Result<CreateTablePlan, SqlPlannerError> {
   |        ^^^^^^^^^^^^^^^^^^^^^

warning: function `plan_statement_ref` is never used
  --> src/sql/mod.rs:82:8
   |
82 | pub fn plan_statement_ref(statement: &Statement) -> Result<QueryPlan, SqlPlannerError> {
   |        ^^^^^^^^^^^^^^^^^^

warning: constant `NULL_SENTINEL` is never used
  --> src/sql/executor.rs:21:7
   |
21 | const NULL_SENTINEL: &str = "\u{0001}";
   |       ^^^^^^^^^^^^^

warning: function `encode_null` is never used
  --> src/sql/executor.rs:23:4
   |
23 | fn encode_null() -> String {
   |    ^^^^^^^^^^^

warning: function `is_encoded_null` is never used
  --> src/sql/executor.rs:27:4
   |
27 | fn is_encoded_null(value: &str) -> bool {
   |    ^^^^^^^^^^^^^^^

warning: enum `SqlExecutionError` is never used
  --> src/sql/executor.rs:32:10
   |
32 | pub enum SqlExecutionError {
   |          ^^^^^^^^^^^^^^^^^

warning: struct `SelectResult` is never constructed
  --> src/sql/executor.rs:73:12
   |
73 | pub struct SelectResult {
   |            ^^^^^^^^^^^^

warning: enum `CachedValue` is never used
  --> src/sql/executor.rs:79:6
   |
79 | enum CachedValue {
   |      ^^^^^^^^^^^

warning: associated items `from_entry` and `into_option_string` are never used
  --> src/sql/executor.rs:85:8
   |
84 | impl CachedValue {
   | ---------------- associated items in this implementation
85 |     fn from_entry(entry: &Entry) -> Self {
   |        ^^^^^^^^^^
...
94 |     fn into_option_string(self) -> Option<String> {
   |        ^^^^^^^^^^^^^^^^^^

warning: function `cached_to_scalar` is never used
   --> src/sql/executor.rs:102:4
    |
102 | fn cached_to_scalar(value: &CachedValue) -> ScalarValue {
    |    ^^^^^^^^^^^^^^^^

warning: enum `ScalarValue` is never used
   --> src/sql/executor.rs:110:6
    |
110 | enum ScalarValue {
    |      ^^^^^^^^^^^

warning: methods `is_null`, `as_f64`, `as_i128`, `as_bool`, and `into_option_string` are never used
   --> src/sql/executor.rs:119:8
    |
118 | impl ScalarValue {
    | ---------------- methods in this implementation
119 |     fn is_null(&self) -> bool {
    |        ^^^^^^^
...
123 |     fn as_f64(&self) -> Option<f64> {
    |        ^^^^^^
...
133 |     fn as_i128(&self) -> Option<i128> {
    |        ^^^^^^^
...
143 |     fn as_bool(&self) -> Option<bool> {
    |        ^^^^^^^
...
157 |     fn into_option_string(self) -> Option<String> {
    |        ^^^^^^^^^^^^^^^^^^

warning: struct `SqlExecutor` is never constructed
   --> src/sql/executor.rs:168:12
    |
168 | pub struct SqlExecutor {
    |            ^^^^^^^^^^^

warning: multiple associated items are never used
    --> src/sql/executor.rs:174:12
     |
173  | impl SqlExecutor {
     | ---------------- associated items in this implementation
174  |     pub fn new(page_handler: Arc<PageHandler>, page_directory: Arc<PageDirectory>) -> Self {
     |            ^^^
...
181  |     pub fn execute(&self, sql: &str) -> Result<(), SqlExecutionError> {
     |            ^^^^^^^
...
219  |     pub fn query(&self, sql: &str) -> Result<SelectResult, SqlExecutionError> {
     |            ^^^^^
...
238  |     fn execute_select(&self, mut query: Query) -> Result<SelectResult, SqlExecutionError> {
     |        ^^^^^^^^^^^^^^
...
506  |     fn execute_create(&self, statement: Statement) -> Result<(), SqlExecutionError> {
     |        ^^^^^^^^^^^^^^
...
513  |     fn execute_insert(&self, statement: Statement) -> Result<(), SqlExecutionError> {
     |        ^^^^^^^^^^^^^^
...
607  |     fn execute_update(
     |        ^^^^^^^^^^^^^^
...
747  |     fn execute_delete(
     |        ^^^^^^^^^^^^^^
...
868  |     fn table_is_empty(&self, table: &str, leading_column: &str) -> Result<bool, SqlExecutionError> {
     |        ^^^^^^^^^^^^^^
...
878  |     fn initialise_table_with_row(
     |        ^^^^^^^^^^^^^^^^^^^^^^^^^
...
918  |     fn locate_rows_by_sort_tuple(
     |        ^^^^^^^^^^^^^^^^^^^^^^^^^
...
1007 |     fn row_matches_filters(
     |        ^^^^^^^^^^^^^^^^^^^

warning: type alias `MaterializedColumns` is never used
    --> src/sql/executor.rs:1030:6
     |
1030 | type MaterializedColumns = HashMap<usize, HashMap<u64, CachedValue>>;
     |      ^^^^^^^^^^^^^^^^^^^

warning: function `collect_sort_key_filters` is never used
    --> src/sql/executor.rs:1032:4
     |
1032 | fn collect_sort_key_filters(
     |    ^^^^^^^^^^^^^^^^^^^^^^^^

warning: function `gather_sort_key_filters` is never used
    --> src/sql/executor.rs:1060:4
     |
1060 | fn gather_sort_key_filters(
     |    ^^^^^^^^^^^^^^^^^^^^^^^

warning: function `collect_expr_column_ordinals` is never used
    --> src/sql/executor.rs:1114:4
     |
1114 | fn collect_expr_column_ordinals(
     |    ^^^^^^^^^^^^^^^^^^^^^^^^^^^^

warning: function `collect_expr_column_names` is never used
    --> src/sql/executor.rs:1136:4
     |
1136 | fn collect_expr_column_names(expr: &Expr, columns: &mut BTreeSet<String>) {
     |    ^^^^^^^^^^^^^^^^^^^^^^^^^

warning: function `select_item_contains_aggregate` is never used
    --> src/sql/executor.rs:1209:4
     |
1209 | fn select_item_contains_aggregate(item: &SelectItem) -> bool {
     |    ^^^^^^^^^^^^^^^^^^^^^^^^^^^^^^

warning: function `expr_contains_aggregate` is never used
    --> src/sql/executor.rs:1217:4
     |
1217 | fn expr_contains_aggregate(expr: &Expr) -> bool {
     |    ^^^^^^^^^^^^^^^^^^^^^^^

warning: function `is_aggregate_function` is never used
    --> src/sql/executor.rs:1280:4
     |
1280 | fn is_aggregate_function(function: &Function) -> bool {
     |    ^^^^^^^^^^^^^^^^^^^^^

warning: struct `AggregateProjectionPlan` is never constructed
    --> src/sql/executor.rs:1307:8
     |
1307 | struct AggregateProjectionPlan {
     |        ^^^^^^^^^^^^^^^^^^^^^^^

warning: struct `AggregateProjection` is never constructed
    --> src/sql/executor.rs:1313:8
     |
1313 | struct AggregateProjection {
     |        ^^^^^^^^^^^^^^^^^^^

warning: struct `AggregateDataset` is never constructed
    --> src/sql/executor.rs:1317:8
     |
1317 | struct AggregateDataset<'a> {
     |        ^^^^^^^^^^^^^^^^

warning: method `column_value` is never used
    --> src/sql/executor.rs:1324:8
     |
1323 | impl<'a> AggregateDataset<'a> {
     | ----------------------------- method in this implementation
1324 |     fn column_value(&self, column: &str, row_idx: u64) -> Option<&CachedValue> {
     |        ^^^^^^^^^^^^

warning: function `plan_aggregate_projection` is never used
    --> src/sql/executor.rs:1332:4
     |
1332 | fn plan_aggregate_projection(
     |    ^^^^^^^^^^^^^^^^^^^^^^^^^

warning: function `collect_function_order_ordinals` is never used
    --> src/sql/executor.rs:1388:4
     |
1388 | fn collect_function_order_ordinals(
     |    ^^^^^^^^^^^^^^^^^^^^^^^^^^^^^^^

warning: function `evaluate_aggregate_outputs` is never used
    --> src/sql/executor.rs:1466:4
     |
1466 | fn evaluate_aggregate_outputs(
     |    ^^^^^^^^^^^^^^^^^^^^^^^^^^

warning: function `evaluate_scalar_expression` is never used
    --> src/sql/executor.rs:1478:4
     |
1478 | fn evaluate_scalar_expression(
     |    ^^^^^^^^^^^^^^^^^^^^^^^^^^

warning: function `evaluate_aggregate_function` is never used
    --> src/sql/executor.rs:1700:4
     |
1700 | fn evaluate_aggregate_function(
     |    ^^^^^^^^^^^^^^^^^^^^^^^^^^^

warning: function `evaluate_count` is never used
    --> src/sql/executor.rs:1724:4
     |
1724 | fn evaluate_count(
     |    ^^^^^^^^^^^^^^

warning: function `evaluate_numeric_aggregate` is never used
    --> src/sql/executor.rs:1759:4
     |
1759 | fn evaluate_numeric_aggregate(
     |    ^^^^^^^^^^^^^^^^^^^^^^^^^^

warning: function `evaluate_percentile_cont` is never used
    --> src/sql/executor.rs:1837:4
     |
1837 | fn evaluate_percentile_cont(
     |    ^^^^^^^^^^^^^^^^^^^^^^^^

warning: function `extract_single_argument` is never used
    --> src/sql/executor.rs:1921:4
     |
1921 | fn extract_single_argument<'a>(function: &'a Function) -> Result<&'a Expr, SqlExecutionError> {
     |    ^^^^^^^^^^^^^^^^^^^^^^^

warning: function `evaluate_case_expression` is never used
    --> src/sql/executor.rs:1941:4
     |
1941 | fn evaluate_case_expression(
     |    ^^^^^^^^^^^^^^^^^^^^^^^^

warning: function `evaluate_row_expr` is never used
    --> src/sql/executor.rs:1984:4
     |
1984 | fn evaluate_row_expr(
     |    ^^^^^^^^^^^^^^^^^

warning: function `evaluate_row_function` is never used
    --> src/sql/executor.rs:2215:4
     |
2215 | fn evaluate_row_function(
     |    ^^^^^^^^^^^^^^^^^^^^^

warning: function `evaluate_row_case_expr` is never used
    --> src/sql/executor.rs:2361:4
     |
2361 | fn evaluate_row_case_expr(
     |    ^^^^^^^^^^^^^^^^^^^^^^

warning: function `evaluate_scalar_function` is never used
    --> src/sql/executor.rs:2412:4
     |
2412 | fn evaluate_scalar_function(
     |    ^^^^^^^^^^^^^^^^^^^^^^^^

warning: function `materialize_columns` is never used
    --> src/sql/executor.rs:2541:4
     |
2541 | fn materialize_columns(
     |    ^^^^^^^^^^^^^^^^^^^

warning: function `evaluate_selection_expr` is never used
    --> src/sql/executor.rs:2631:4
     |
2631 | fn evaluate_selection_expr(
     |    ^^^^^^^^^^^^^^^^^^^^^^^

warning: function `compare_operands` is never used
    --> src/sql/executor.rs:2812:4
     |
2812 | fn compare_operands(
     |    ^^^^^^^^^^^^^^^^

warning: enum `OperandValue` is never used
    --> src/sql/executor.rs:2831:6
     |
2831 | enum OperandValue<'a> {
     |      ^^^^^^^^^^^^

warning: function `resolve_operand` is never used
    --> src/sql/executor.rs:2836:4
     |
2836 | fn resolve_operand<'a>(
     |    ^^^^^^^^^^^^^^^

warning: function `column_operand` is never used
    --> src/sql/executor.rs:2888:4
     |
2888 | fn column_operand<'a>(
     |    ^^^^^^^^^^^^^^

warning: function `is_null_value` is never used
    --> src/sql/executor.rs:2915:4
     |
2915 | fn is_null_value(value: &str) -> bool {
     |    ^^^^^^^^^^^^^

warning: function `like_match` is never used
    --> src/sql/executor.rs:2922:4
     |
2922 | fn like_match(value: &str, pattern: &str, case_sensitive: bool) -> bool {
     |    ^^^^^^^^^^

warning: function `like_match_recursive` is never used
    --> src/sql/executor.rs:2937:4
     |
2937 | fn like_match_recursive(value: &str, pattern: &str) -> bool {
     |    ^^^^^^^^^^^^^^^^^^^^

warning: function `like_match_dfs` is never used
    --> src/sql/executor.rs:2948:4
     |
2948 | fn like_match_dfs(value: &[char], pattern: &[char], mut v_idx: usize, mut p_idx: usize) -> bool {
     |    ^^^^^^^^^^^^^^

warning: function `regex_match` is never used
    --> src/sql/executor.rs:2993:4
     |
2993 | fn regex_match(value: &str, pattern: &str) -> bool {
     |    ^^^^^^^^^^^

warning: function `build_projection` is never used
    --> src/sql/executor.rs:3010:4
     |
3010 | fn build_projection(
     |    ^^^^^^^^^^^^^^^^

warning: function `push_projection_item` is never used
    --> src/sql/executor.rs:3070:4
     |
3070 | fn push_projection_item(
     |    ^^^^^^^^^^^^^^^^^^^^

warning: function `collect_all_columns` is never used
    --> src/sql/executor.rs:3118:4
     |
3118 | fn collect_all_columns(table_columns: &[ColumnCatalog]) -> (Vec<String>, Vec<usize>) {
     |    ^^^^^^^^^^^^^^^^^^^

warning: function `wildcard_options_supported` is never used
    --> src/sql/executor.rs:3128:4
     |
3128 | fn wildcard_options_supported(options: &WildcardAdditionalOptions) -> bool {
     |    ^^^^^^^^^^^^^^^^^^^^^^^^^^

warning: function `object_name_matches_table` is never used
    --> src/sql/executor.rs:3135:4
     |
3135 | fn object_name_matches_table(
     |    ^^^^^^^^^^^^^^^^^^^^^^^^^

warning: function `parse_limit` is never used
    --> src/sql/executor.rs:3152:4
     |
3152 | fn parse_limit(limit: Option<Expr>) -> Result<Option<usize>, SqlExecutionError> {
     |    ^^^^^^^^^^^

warning: function `parse_offset` is never used
    --> src/sql/executor.rs:3160:4
     |
3160 | fn parse_offset(offset: Option<Offset>) -> Result<usize, SqlExecutionError> {
     |    ^^^^^^^^^^^^

warning: function `parse_usize_literal` is never used
    --> src/sql/executor.rs:3167:4
     |
3167 | fn parse_usize_literal(expr: &Expr, context: &str) -> Result<usize, SqlExecutionError> {
     |    ^^^^^^^^^^^^^^^^^^^

warning: function `extract_equality_filters` is never used
    --> src/sql/executor.rs:3180:4
     |
3180 | fn extract_equality_filters(expr: &Expr) -> Result<HashMap<String, String>, SqlExecutionError> {
     |    ^^^^^^^^^^^^^^^^^^^^^^^^

warning: function `gather_filters` is never used
    --> src/sql/executor.rs:3186:4
     |
3186 | fn gather_filters(
     |    ^^^^^^^^^^^^^^

warning: function `column_name_from_expr` is never used
    --> src/sql/executor.rs:3221:4
     |
3221 | fn column_name_from_expr(expr: &Expr) -> Option<String> {
     |    ^^^^^^^^^^^^^^^^^^^^^

warning: function `object_name_to_string` is never used
    --> src/sql/executor.rs:3230:4
     |
3230 | fn object_name_to_string(name: &ObjectName) -> String {
     |    ^^^^^^^^^^^^^^^^^^^^^

warning: function `table_with_joins_to_name` is never used
    --> src/sql/executor.rs:3238:4
     |
3238 | fn table_with_joins_to_name(table: &TableWithJoins) -> Result<String, SqlExecutionError> {
     |    ^^^^^^^^^^^^^^^^^^^^^^^^

warning: function `expr_to_string` is never used
    --> src/sql/executor.rs:3252:4
     |
3252 | fn expr_to_string(expr: &Expr) -> Result<String, SqlExecutionError> {
     |    ^^^^^^^^^^^^^^

warning: function `compare_strs` is never used
    --> src/sql/executor.rs:3264:4
     |
3264 | fn compare_strs(left: &str, right: &str) -> Ordering {
     |    ^^^^^^^^^^^^

warning: function `format_float` is never used
    --> src/sql/executor.rs:3281:4
     |
3281 | fn format_float(value: f64) -> String {
     |    ^^^^^^^^^^^^

warning: function `scalar_from_f64` is never used
    --> src/sql/executor.rs:3301:4
     |
3301 | fn scalar_from_f64(value: f64) -> ScalarValue {
     |    ^^^^^^^^^^^^^^^

warning: function `combine_numeric` is never used
    --> src/sql/executor.rs:3311:4
     |
3311 | fn combine_numeric<F>(left: &ScalarValue, right: &ScalarValue, op: F) -> Option<ScalarValue>
     |    ^^^^^^^^^^^^^^^

warning: function `compare_scalar_values` is never used
    --> src/sql/executor.rs:3320:4
     |
3320 | fn compare_scalar_values(left: &ScalarValue, right: &ScalarValue) -> Option<Ordering> {
     |    ^^^^^^^^^^^^^^^^^^^^^

warning: struct `ColumnSpec` is never constructed
 --> src/sql/models.rs:6:12
  |
6 | pub struct ColumnSpec {
  |            ^^^^^^^^^^

warning: associated function `new` is never used
  --> src/sql/models.rs:12:12
   |
11 | impl ColumnSpec {
   | --------------- associated function in this implementation
12 |     pub fn new(name: impl Into<String>, data_type: impl Into<String>) -> Self {
   |            ^^^

warning: struct `CreateTablePlan` is never constructed
  --> src/sql/models.rs:21:12
   |
21 | pub struct CreateTablePlan {
   |            ^^^^^^^^^^^^^^^

warning: associated function `new` is never used
  --> src/sql/models.rs:29:12
   |
28 | impl CreateTablePlan {
   | -------------------- associated function in this implementation
29 |     pub fn new(
   |            ^^^

warning: struct `TableAccess` is never constructed
  --> src/sql/models.rs:45:12
   |
45 | pub struct TableAccess {
   |            ^^^^^^^^^^^

warning: associated items `new`, `merge_from`, and `add_filter` are never used
  --> src/sql/models.rs:53:12
   |
52 | impl TableAccess {
   | ---------------- associated items in this implementation
53 |     pub fn new(table_name: impl Into<String>) -> Self {
   |            ^^^
...
62 |     pub fn merge_from(&mut self, other: &TableAccess) {
   |            ^^^^^^^^^^
...
71 |     pub fn add_filter(&mut self, filter: FilterExpr) {
   |            ^^^^^^^^^^

warning: struct `QueryPlan` is never constructed
  --> src/sql/models.rs:80:12
   |
80 | pub struct QueryPlan {
   |            ^^^^^^^^^

warning: associated function `new` is never used
  --> src/sql/models.rs:85:12
   |
84 | impl QueryPlan {
   | -------------- associated function in this implementation
85 |     pub fn new(tables: Vec<TableAccess>) -> Self {
   |            ^^^

warning: enum `PlannerError` is never used
  --> src/sql/models.rs:91:10
   |
91 | pub enum PlannerError {
   |          ^^^^^^^^^^^^

warning: type alias `PlannerResult` is never used
   --> src/sql/models.rs:111:10
    |
111 | pub type PlannerResult<T> = Result<T, PlannerError>;
    |          ^^^^^^^^^^^^^

warning: enum `FilterExpr` is never used
   --> src/sql/models.rs:114:10
    |
114 | pub enum FilterExpr {
    |          ^^^^^^^^^^

warning: associated functions `leaf`, `and`, and `or` are never used
   --> src/sql/models.rs:121:12
    |
120 | impl FilterExpr {
    | --------------- associated functions in this implementation
121 |     pub fn leaf(expr: Expr) -> Self {
    |            ^^^^
...
125 |     pub fn and(lhs: FilterExpr, rhs: FilterExpr) -> Self {
    |            ^^^
...
144 |     pub fn or(lhs: FilterExpr, rhs: FilterExpr) -> Self {
    |            ^^

warning: function `display_joined` is never used
   --> src/sql/models.rs:174:4
    |
174 | fn display_joined(
    |    ^^^^^^^^^^^^^^

warning: function `parse_sql` is never used
 --> src/sql/parser.rs:6:8
  |
6 | pub fn parse_sql(sql: &str) -> Result<Vec<Statement>, sqlparser::parser::ParserError> {
  |        ^^^^^^^^^

warning: function `plan_statement` is never used
  --> src/sql/planner.rs:11:8
   |
11 | pub fn plan_statement(statement: &Statement) -> PlannerResult<QueryPlan> {
   |        ^^^^^^^^^^^^^^

warning: function `plan_create_table_statement` is never used
  --> src/sql/planner.rs:73:8
   |
73 | pub fn plan_create_table_statement(statement: &Statement) -> PlannerResult<CreateTablePlan> {
   |        ^^^^^^^^^^^^^^^^^^^^^^^^^^^

warning: function `plan_query` is never used
   --> src/sql/planner.rs:134:4
    |
134 | fn plan_query(query: &Query) -> PlannerResult<QueryPlan> {
    |    ^^^^^^^^^^

warning: function `plan_select` is never used
   --> src/sql/planner.rs:164:4
    |
164 | fn plan_select(select: &Select) -> PlannerResult<QueryPlan> {
    |    ^^^^^^^^^^^

warning: function `attach_filter` is never used
   --> src/sql/planner.rs:192:4
    |
192 | fn attach_filter(table_access: &mut TableAccess, expr: &Expr) {
    |    ^^^^^^^^^^^^^

warning: function `build_filter` is never used
   --> src/sql/planner.rs:197:4
    |
197 | fn build_filter(expr: &Expr) -> FilterExpr {
    |    ^^^^^^^^^^^^

warning: function `plan_insert` is never used
   --> src/sql/planner.rs:209:4
    |
209 | fn plan_insert(
    |    ^^^^^^^^^^^

warning: function `plan_update` is never used
   --> src/sql/planner.rs:240:4
    |
240 | fn plan_update(
    |    ^^^^^^^^^^^

warning: function `plan_delete` is never used
   --> src/sql/planner.rs:274:4
    |
274 | fn plan_delete(
    |    ^^^^^^^^^^^

warning: function `collect_select_columns` is never used
   --> src/sql/planner.rs:319:4
    |
319 | fn collect_select_columns(select: &Select, columns: &mut BTreeSet<String>) -> PlannerResult<()> {
    |    ^^^^^^^^^^^^^^^^^^^^^^

warning: function `collect_select_items` is never used
   --> src/sql/planner.rs:376:4
    |
376 | fn collect_select_items(items: &[SelectItem], columns: &mut BTreeSet<String>) -> PlannerResult<()> {
    |    ^^^^^^^^^^^^^^^^^^^^

warning: function `collect_select_item` is never used
   --> src/sql/planner.rs:383:4
    |
383 | fn collect_select_item(item: &SelectItem, columns: &mut BTreeSet<String>) -> PlannerResult<()> {
    |    ^^^^^^^^^^^^^^^^^^^

warning: function `collect_order_by_columns` is never used
   --> src/sql/planner.rs:394:4
    |
394 | fn collect_order_by_columns(
    |    ^^^^^^^^^^^^^^^^^^^^^^^^

warning: function `collect_expr_columns` is never used
   --> src/sql/planner.rs:404:4
    |
404 | fn collect_expr_columns(expr: &Expr, columns: &mut BTreeSet<String>) -> PlannerResult<()> {
    |    ^^^^^^^^^^^^^^^^^^^^

warning: function `collect_function_columns` is never used
   --> src/sql/planner.rs:620:4
    |
620 | fn collect_function_columns(
    |    ^^^^^^^^^^^^^^^^^^^^^^^^

warning: function `collect_function_arg_columns` is never used
   --> src/sql/planner.rs:650:4
    |
650 | fn collect_function_arg_columns(
    |    ^^^^^^^^^^^^^^^^^^^^^^^^^^^^

warning: function `extract_table_name` is never used
   --> src/sql/planner.rs:672:4
    |
672 | fn extract_table_name(table: &TableWithJoins) -> PlannerResult<String> {
    |    ^^^^^^^^^^^^^^^^^^

warning: function `column_to_spec` is never used
   --> src/sql/planner.rs:687:4
    |
687 | fn column_to_spec(column: &ColumnDef) -> ColumnSpec {
    |    ^^^^^^^^^^^^^^

warning: function `object_name_to_string` is never used
   --> src/sql/planner.rs:691:4
    |
691 | fn object_name_to_string(name: &ObjectName) -> String {
    |    ^^^^^^^^^^^^^^^^^^^^^

warning: function `merge_tables` is never used
   --> src/sql/planner.rs:699:4
    |
699 | fn merge_tables(tables: Vec<TableAccess>) -> QueryPlan {
    |    ^^^^^^^^^^^^

warning: variant `Job` is never constructed
   --> src/writer/executor.rs:151:5
    |
150 | enum WriterMessage {
    |      ------------- variant in this enum
151 |     Job(UpdateJob),
    |     ^^^

warning: method `submit` is never used
   --> src/writer/executor.rs:288:12
    |
263 | impl Writer {
    | ----------- method in this implementation
...
288 |     pub fn submit(&self, job: UpdateJob) -> Result<(), WriterError> {
    |            ^^^^^^

warning: enum `WriterError` is never used
   --> src/writer/executor.rs:391:10
    |
391 | pub enum WriterError {
    |          ^^^^^^^^^^^

warning: associated function `new` is never used
  --> src/writer/update_job.rs:11:12
   |
10 | impl ColumnUpdate {
   | ----------------- associated function in this implementation
11 |     pub fn new(column: impl Into<String>, operations: Vec<UpdateOp>) -> Self {
   |            ^^^

warning: variants `Overwrite`, `Append`, and `InsertAt` are never constructed
  --> src/writer/update_job.rs:23:5
   |
21 | pub enum UpdateOp {
   |          -------- variants in this enum
22 |     /// Overwrite a specific logical row with the provided entry.
23 |     Overwrite { row: u64, entry: Entry },
   |     ^^^^^^^^^
24 |     /// Append a new entry to the end of the page.
25 |     Append { entry: Entry },
   |     ^^^^^^
26 |     /// Insert a new entry at the provided logical row, shifting existing entries.
27 |     InsertAt { row: u64, entry: Entry },
   |     ^^^^^^^^
   |
   = note: `UpdateOp` has a derived impl for the trait `Clone`, but this is intentionally ignored during dead code analysis

warning: associated function `new` is never used
  --> src/writer/update_job.rs:38:12
   |
37 | impl UpdateJob {
   | -------------- associated function in this implementation
38 |     pub fn new(table: impl Into<String>, columns: Vec<ColumnUpdate>) -> Self {
   |            ^^^

warning: `idk_uwu_ig` (bin "idk_uwu_ig") generated 160 warnings (3 duplicates) (run `cargo fix --bin "idk_uwu_ig"` to apply 2 suggestions)
    Finished `test` profile [unoptimized + debuginfo] target(s) in 0.03s
     Running tests/order_by_integration_tests.rs (target/debug/deps/order_by_integration_tests-9ecbecf4afd8d015)

running 1 test
required ordinals: {0, 1}
column operand lookup id -> ordinal 0 for row 0
column map keys for ordinal 0: [1, 2, 4, 3, 0]
column operand lookup id -> ordinal 0 for row 1
column map keys for ordinal 0: [1, 2, 4, 3, 0]
column operand lookup id -> ordinal 0 for row 2
column map keys for ordinal 0: [1, 2, 4, 3, 0]
column operand lookup id -> ordinal 0 for row 3
column map keys for ordinal 0: [1, 2, 4, 3, 0]
column operand lookup id -> ordinal 0 for row 4
column map keys for ordinal 0: [1, 2, 4, 3, 0]
required ordinals: {0, 1}
column operand lookup id -> ordinal 0 for row 0
column map keys for ordinal 0: [4, 2, 3, 0, 1]
column operand lookup id -> ordinal 0 for row 1
column map keys for ordinal 0: [4, 2, 3, 0, 1]
column operand lookup id -> ordinal 0 for row 2
column map keys for ordinal 0: [4, 2, 3, 0, 1]
column operand lookup id -> ordinal 0 for row 3
column map keys for ordinal 0: [4, 2, 3, 0, 1]
column operand lookup id -> ordinal 0 for row 4
column map keys for ordinal 0: [4, 2, 3, 0, 1]
dataset rows: [0, 1, 2, 3, 4]
materialized snapshot: {0: {4: Text("1"), 2: Text("1"), 3: Text("1"), 0: Text("1"), 1: Text("1")}, 1: {2: Null, 1: Text("20"), 4: Text("40"), 3: Text("30"), 0: Text("10")}}
aggregate row value: Text("10")
aggregate row value: Text("20")
aggregate row value: Null
aggregate row value: Text("30")
aggregate row value: Text("40")
dataset rows: [0, 1, 2, 3, 4]
materialized snapshot: {0: {4: Text("1"), 2: Text("1"), 3: Text("1"), 0: Text("1"), 1: Text("1")}, 1: {2: Null, 1: Text("20"), 4: Text("40"), 3: Text("30"), 0: Text("10")}}
aggregate row value: Text("10")
aggregate row value: Text("20")
aggregate row value: Null
aggregate row value: Text("30")
aggregate row value: Text("40")
dataset rows: [0, 1, 2, 3, 4]
materialized snapshot: {0: {4: Text("1"), 2: Text("1"), 3: Text("1"), 0: Text("1"), 1: Text("1")}, 1: {2: Null, 1: Text("20"), 4: Text("40"), 3: Text("30"), 0: Text("10")}}
aggregate row value: Text("10")
aggregate row value: Text("20")
aggregate row value: Null
aggregate row value: Text("30")
aggregate row value: Text("40")
dataset rows: [0, 1, 2, 3, 4]
materialized snapshot: {0: {4: Text("1"), 2: Text("1"), 3: Text("1"), 0: Text("1"), 1: Text("1")}, 1: {2: Null, 1: Text("20"), 4: Text("40"), 3: Text("30"), 0: Text("10")}}
aggregate row value: Text("10")
aggregate row value: Text("20")
aggregate row value: Null
aggregate row value: Text("30")
aggregate row value: Text("40")
required ordinals: {0, 1}
column operand lookup id -> ordinal 0 for row 0
column map keys for ordinal 0: [3, 1, 0, 2, 4]
column operand lookup id -> ordinal 0 for row 1
column map keys for ordinal 0: [3, 1, 0, 2, 4]
column operand lookup id -> ordinal 0 for row 2
column map keys for ordinal 0: [3, 1, 0, 2, 4]
column operand lookup id -> ordinal 0 for row 3
column map keys for ordinal 0: [3, 1, 0, 2, 4]
column operand lookup id -> ordinal 0 for row 4
column map keys for ordinal 0: [3, 1, 0, 2, 4]
dataset rows: [0, 1, 2, 3, 4]
materialized snapshot: {0: {3: Text("1"), 1: Text("1"), 0: Text("1"), 2: Text("1"), 4: Text("1")}, 1: {0: Text("10"), 2: Null, 1: Text("20"), 3: Text("30"), 4: Text("40")}}
aggregate row value: Text("10")
aggregate row value: Text("20")
aggregate row value: Null
aggregate row value: Text("30")
aggregate row value: Text("40")
dataset rows: [0, 1, 2, 3, 4]
materialized snapshot: {0: {3: Text("1"), 1: Text("1"), 0: Text("1"), 2: Text("1"), 4: Text("1")}, 1: {0: Text("10"), 2: Null, 1: Text("20"), 3: Text("30"), 4: Text("40")}}
aggregate row value: Text("10")
aggregate row value: Text("20")
aggregate row value: Null
aggregate row value: Text("30")
aggregate row value: Text("40")
required ordinals: {0, 1}
column operand lookup id -> ordinal 0 for row 0
column map keys for ordinal 0: [1, 3, 4, 0, 2]
column operand lookup id -> ordinal 0 for row 1
column map keys for ordinal 0: [1, 3, 4, 0, 2]
column operand lookup id -> ordinal 0 for row 2
column map keys for ordinal 0: [1, 3, 4, 0, 2]
column operand lookup id -> ordinal 0 for row 3
column map keys for ordinal 0: [1, 3, 4, 0, 2]
column operand lookup id -> ordinal 0 for row 4
column map keys for ordinal 0: [1, 3, 4, 0, 2]
required ordinals: {0}
column operand lookup id -> ordinal 0 for row 0
column map keys for ordinal 0: [1, 4, 0, 2, 3]
column operand lookup id -> ordinal 0 for row 1
column map keys for ordinal 0: [1, 4, 0, 2, 3]
column operand lookup id -> ordinal 0 for row 2
column map keys for ordinal 0: [1, 4, 0, 2, 3]
column operand lookup id -> ordinal 0 for row 3
column map keys for ordinal 0: [1, 4, 0, 2, 3]
column operand lookup id -> ordinal 0 for row 4
column map keys for ordinal 0: [1, 4, 0, 2, 3]
dataset rows: [0, 1, 2, 3, 4]
materialized snapshot: {0: {1: Text("1"), 4: Text("1"), 0: Text("1"), 2: Text("1"), 3: Text("1")}}
row compare Null > Float(20.0) => false
case condition BinaryOp { left: Identifier(Ident { value: "value", quote_style: None }), op: Gt, right: Value(Number("20", false)) } evaluated to false (value Bool(false)) for row 0
aggregate row value: Float(0.0)
row compare Null > Float(20.0) => false
case condition BinaryOp { left: Identifier(Ident { value: "value", quote_style: None }), op: Gt, right: Value(Number("20", false)) } evaluated to false (value Bool(false)) for row 1
aggregate row value: Float(0.0)
row compare Null > Float(20.0) => false
case condition BinaryOp { left: Identifier(Ident { value: "value", quote_style: None }), op: Gt, right: Value(Number("20", false)) } evaluated to false (value Bool(false)) for row 2
aggregate row value: Float(0.0)
row compare Null > Float(20.0) => false
case condition BinaryOp { left: Identifier(Ident { value: "value", quote_style: None }), op: Gt, right: Value(Number("20", false)) } evaluated to false (value Bool(false)) for row 3
aggregate row value: Float(0.0)
row compare Null > Float(20.0) => false
case condition BinaryOp { left: Identifier(Ident { value: "value", quote_style: None }), op: Gt, right: Value(Number("20", false)) } evaluated to false (value Bool(false)) for row 4
aggregate row value: Float(0.0)
filtered rows: [[Some("0")]]

thread 'sql_executor_numeric_aggregates' panicked at tests/order_by_integration_tests.rs:427:5:
assertion `left == right` failed
  left: [[Some("0")]]
 right: [[Some("2")]]
note: run with `RUST_BACKTRACE=1` environment variable to display a backtrace
test sql_executor_numeric_aggregates ... FAILED

failures:

failures:
    sql_executor_numeric_aggregates

test result: FAILED. 0 passed; 1 failed; 0 ignored; 0 measured; 18 filtered out; finished in 0.00s

error: test failed, to rerun pass `--test order_by_integration_tests`
